Using pre-set license
Built from '2021.1/staging' branch; Version is '2021.1.7f1 (d91830b65d9b) revision 14227504'; Using compiler version '192528614'; Build Type 'Release'
OS: 'Windows 10 Home; OS build 19041.985; Version 2004; 64bit' Language: 'en' Physical Memory: 32715 MB
BatchMode: 1, IsHumanControllingUs: 0, StartBugReporterOnCrash: 0, Is64bit: 1, IsPro: 0

 COMMAND LINE ARGUMENTS:
E:\Unity\2021.1.7f1\Editor\Unity.exe
-adb2
-batchMode
-noUpm
-name
AssetImportWorker1
-projectPath
E:/Unity/projects/Arnold/Arnold
-logFile
Logs/AssetImportWorker1.log
-srvPort
62517
Successfully changed project path to: E:/Unity/projects/Arnold/Arnold
E:/Unity/projects/Arnold/Arnold
Using Asset Import Pipeline V2.
Refreshing native plugins compatible for Editor in 104.56 ms, found 1 plugins.
Preloading 0 native plugins for Editor in 0.00 ms.
Initialize engine version: 2021.1.7f1 (d91830b65d9b)
[Subsystems] Discovering subsystems at path E:/Unity/2021.1.7f1/Editor/Data/Resources/UnitySubsystems
[Subsystems] Discovering subsystems at path E:/Unity/projects/Arnold/Arnold/Assets
GfxDevice: creating device client; threaded=0; jobified=0
Direct3D:
    Version:  Direct3D 11.0 [level 11.1]
    Renderer: NVIDIA GeForce RTX 2080 (ID=0x1e87)
    Vendor:   NVIDIA
    VRAM:     8010 MB
    Driver:   27.21.14.6611
Initialize mono
Mono path[0] = 'E:/Unity/2021.1.7f1/Editor/Data/Managed'
Mono path[1] = 'E:/Unity/2021.1.7f1/Editor/Data/MonoBleedingEdge/lib/mono/unityjit'
Mono config path = 'E:/Unity/2021.1.7f1/Editor/Data/MonoBleedingEdge/etc'
Using monoOptions --debugger-agent=transport=dt_socket,embedding=1,server=y,suspend=n,address=127.0.0.1:56328
Begin MonoManager ReloadAssembly
Registering precompiled unity dll's ...
Register platform support module: E:/Unity/2021.1.7f1/Editor/Data/PlaybackEngines/WindowsStandaloneSupport/UnityEditor.WindowsStandalone.Extensions.dll
Registered in 0.001319 seconds.
Native extension for WindowsStandalone target not found
Refreshing native plugins compatible for Editor in 108.22 ms, found 1 plugins.
Preloading 0 native plugins for Editor in 0.00 ms.
Mono: successfully reloaded assembly
- Completed reload, in  1.453 seconds
Platform modules already initialized, skipping
Registering precompiled user dll's ...
Registered in 0.002861 seconds.
Begin MonoManager ReloadAssembly
Symbol file LoadedFromMemory doesn't match image E:\Unity\projects\Arnold\Arnold\Library\PackageCache\com.unity.visualscripting@1.6.1\Editor\VisualScripting.Core\Dependencies\YamlDotNet\Unity.VisualScripting.YamlDotNet.dll
Symbol file LoadedFromMemory doesn't match image E:\Unity\projects\Arnold\Arnold\Library\PackageCache\com.unity.visualscripting@1.6.1\Editor\VisualScripting.Core\Dependencies\DotNetZip\Unity.VisualScripting.IonicZip.dll
Native extension for WindowsStandalone target not found
Refreshing native plugins compatible for Editor in 113.11 ms, found 1 plugins.
Preloading 0 native plugins for Editor in 0.00 ms.
Mono: successfully reloaded assembly
- Completed reload, in  1.339 seconds
Platform modules already initialized, skipping
========================================================================
Worker process is ready to serve import requests
Shader 'Universal Render Pipeline/Particles/Lit': fallback shader 'Universal Render Pipeline/Particles/SimpleLit' not found
Shader 'Universal Render Pipeline/Particles/Lit': fallback shader 'Universal Render Pipeline/Particles/SimpleLit' not found
Launched and connected shader compiler UnityShaderCompiler.exe after 0.14 seconds
Refreshing native plugins compatible for Editor in 0.71 ms, found 1 plugins.
Preloading 0 native plugins for Editor in 0.00 ms.
Unloading 4240 Unused Serialized files (Serialized files now loaded: 0)
System memory in use before: 162.8 MB.
System memory in use after: 159.1 MB.

Unloading 66 unused Assets to reduce memory usage. Loaded Objects now: 4647.
Total: 4.274100 ms (FindLiveObjects: 0.365000 ms CreateObjectMapping: 0.102200 ms MarkObjects: 2.312900 ms  DeleteObjects: 1.492900 ms)

========================================================================
Received Prepare
Shader 'Universal Render Pipeline/Particles/Lit': fallback shader 'Universal Render Pipeline/Particles/SimpleLit' not found
Shader 'Universal Render Pipeline/Particles/Lit': fallback shader 'Universal Render Pipeline/Particles/SimpleLit' not found
Refreshing native plugins compatible for Editor in 2.38 ms, found 1 plugins.
Preloading 0 native plugins for Editor in 0.00 ms.
Unloading 57 Unused Serialized files (Serialized files now loaded: 0)
System memory in use before: 79.5 MB.
System memory in use after: 75.9 MB.

Unloading 57 unused Assets to reduce memory usage. Loaded Objects now: 4647.
Total: 4.141000 ms (FindLiveObjects: 0.352500 ms CreateObjectMapping: 0.104800 ms MarkObjects: 2.103400 ms  DeleteObjects: 1.579600 ms)

========================================================================
Received Import Request.
  path: Assets/Scenes/KidRoom.unity
  artifactKey: Guid(da2196e6794761642bfb036eb1f66675) Importer(815301076,1909f56bfc062723c751e8b465ee728b)
Start importing Assets/Scenes/KidRoom.unity using Guid(da2196e6794761642bfb036eb1f66675) Importer(815301076,1909f56bfc062723c751e8b465ee728b)  -> (artifact id: '406f481d42d1bae2ee316ed096281d79') in 0.054260 seconds 
========================================================================
Received Import Request.
  Time since last request: 57.148783 seconds.
  path: Assets/Scenes/KidRoom.unity
  artifactKey: Guid(da2196e6794761642bfb036eb1f66675) Importer(815301076,1909f56bfc062723c751e8b465ee728b)
Start importing Assets/Scenes/KidRoom.unity using Guid(da2196e6794761642bfb036eb1f66675) Importer(815301076,1909f56bfc062723c751e8b465ee728b)  -> (artifact id: '2cc0975fc1fc17ca34d0403a7ced1df7') in 0.002583 seconds 
========================================================================
Received Prepare
Registering precompiled user dll's ...
Registered in 0.002850 seconds.
Begin MonoManager ReloadAssembly
Symbol file LoadedFromMemory doesn't match image E:\Unity\projects\Arnold\Arnold\Library\PackageCache\com.unity.visualscripting@1.6.1\Editor\VisualScripting.Core\Dependencies\YamlDotNet\Unity.VisualScripting.YamlDotNet.dll
Symbol file LoadedFromMemory doesn't match image E:\Unity\projects\Arnold\Arnold\Library\PackageCache\com.unity.visualscripting@1.6.1\Editor\VisualScripting.Core\Dependencies\DotNetZip\Unity.VisualScripting.IonicZip.dll
Native extension for WindowsStandalone target not found
Refreshing native plugins compatible for Editor in 0.72 ms, found 1 plugins.
Preloading 0 native plugins for Editor in 0.00 ms.
Mono: successfully reloaded assembly
- Completed reload, in  1.002 seconds
Platform modules already initialized, skipping
Shader 'Universal Render Pipeline/Particles/Lit': fallback shader 'Universal Render Pipeline/Particles/SimpleLit' not found
Shader 'Universal Render Pipeline/Particles/Lit': fallback shader 'Universal Render Pipeline/Particles/SimpleLit' not found
Refreshing native plugins compatible for Editor in 0.76 ms, found 1 plugins.
Preloading 0 native plugins for Editor in 0.00 ms.
Unloading 4230 Unused Serialized files (Serialized files now loaded: 0)
System memory in use before: 162.6 MB.
System memory in use after: 158.9 MB.

Unloading 59 unused Assets to reduce memory usage. Loaded Objects now: 4650.
Total: 4.160300 ms (FindLiveObjects: 0.347100 ms CreateObjectMapping: 0.100900 ms MarkObjects: 2.149500 ms  DeleteObjects: 1.561700 ms)

========================================================================
Received Import Request.
  Time since last request: 36.248067 seconds.
  path: Assets/Scenes/BedRoom.unity
  artifactKey: Guid(631c8820631cd7544a29fc8a7349521a) Importer(815301076,1909f56bfc062723c751e8b465ee728b)
Start importing Assets/Scenes/BedRoom.unity using Guid(631c8820631cd7544a29fc8a7349521a) Importer(815301076,1909f56bfc062723c751e8b465ee728b)  -> (artifact id: '51683ea68a09bdaa055b14e00328fce2') in 0.050186 seconds 
========================================================================
Received Prepare
Registering precompiled user dll's ...
Registered in 0.002917 seconds.
Begin MonoManager ReloadAssembly
Symbol file LoadedFromMemory doesn't match image E:\Unity\projects\Arnold\Arnold\Library\PackageCache\com.unity.visualscripting@1.6.1\Editor\VisualScripting.Core\Dependencies\YamlDotNet\Unity.VisualScripting.YamlDotNet.dll
Symbol file LoadedFromMemory doesn't match image E:\Unity\projects\Arnold\Arnold\Library\PackageCache\com.unity.visualscripting@1.6.1\Editor\VisualScripting.Core\Dependencies\DotNetZip\Unity.VisualScripting.IonicZip.dll
Native extension for WindowsStandalone target not found
Refreshing native plugins compatible for Editor in 0.79 ms, found 1 plugins.
Preloading 0 native plugins for Editor in 0.00 ms.
Mono: successfully reloaded assembly
- Completed reload, in  1.000 seconds
Platform modules already initialized, skipping
Shader 'Universal Render Pipeline/Particles/Lit': fallback shader 'Universal Render Pipeline/Particles/SimpleLit' not found
Shader 'Universal Render Pipeline/Particles/Lit': fallback shader 'Universal Render Pipeline/Particles/SimpleLit' not found
Refreshing native plugins compatible for Editor in 0.75 ms, found 1 plugins.
Preloading 0 native plugins for Editor in 0.00 ms.
Unloading 4230 Unused Serialized files (Serialized files now loaded: 0)
System memory in use before: 162.6 MB.
System memory in use after: 159.0 MB.

Unloading 59 unused Assets to reduce memory usage. Loaded Objects now: 4653.
Total: 4.284300 ms (FindLiveObjects: 0.347400 ms CreateObjectMapping: 0.100400 ms MarkObjects: 2.256100 ms  DeleteObjects: 1.579600 ms)

========================================================================
Received Import Request.
  Time since last request: 24.240363 seconds.
  path: Assets/Scenes/BedRoom.unity
  artifactKey: Guid(631c8820631cd7544a29fc8a7349521a) Importer(815301076,1909f56bfc062723c751e8b465ee728b)
Start importing Assets/Scenes/BedRoom.unity using Guid(631c8820631cd7544a29fc8a7349521a) Importer(815301076,1909f56bfc062723c751e8b465ee728b)  -> (artifact id: 'b623d249aec856a34057f122dabd3bcc') in 0.018070 seconds 
========================================================================
Received Prepare
Registering precompiled user dll's ...
Registered in 0.002861 seconds.
Begin MonoManager ReloadAssembly
Symbol file LoadedFromMemory doesn't match image E:\Unity\projects\Arnold\Arnold\Library\PackageCache\com.unity.visualscripting@1.6.1\Editor\VisualScripting.Core\Dependencies\YamlDotNet\Unity.VisualScripting.YamlDotNet.dll
Symbol file LoadedFromMemory doesn't match image E:\Unity\projects\Arnold\Arnold\Library\PackageCache\com.unity.visualscripting@1.6.1\Editor\VisualScripting.Core\Dependencies\DotNetZip\Unity.VisualScripting.IonicZip.dll
Native extension for WindowsStandalone target not found
Refreshing native plugins compatible for Editor in 0.71 ms, found 1 plugins.
Preloading 0 native plugins for Editor in 0.00 ms.
Mono: successfully reloaded assembly
- Completed reload, in  0.979 seconds
Platform modules already initialized, skipping
Shader 'Universal Render Pipeline/Particles/Lit': fallback shader 'Universal Render Pipeline/Particles/SimpleLit' not found
Shader 'Universal Render Pipeline/Particles/Lit': fallback shader 'Universal Render Pipeline/Particles/SimpleLit' not found
Refreshing native plugins compatible for Editor in 0.82 ms, found 1 plugins.
Preloading 0 native plugins for Editor in 0.00 ms.
Unloading 4230 Unused Serialized files (Serialized files now loaded: 0)
System memory in use before: 162.7 MB.
System memory in use after: 159.0 MB.

Unloading 59 unused Assets to reduce memory usage. Loaded Objects now: 4656.
Total: 4.127100 ms (FindLiveObjects: 0.361900 ms CreateObjectMapping: 0.099500 ms MarkObjects: 2.100000 ms  DeleteObjects: 1.565000 ms)

========================================================================
Received Import Request.
  Time since last request: 90.575512 seconds.
  path: Assets/Scenes/New Lighting Settings.lighting
  artifactKey: Guid(5c60ee7ee58706541b55b5e30789f945) Importer(815301076,1909f56bfc062723c751e8b465ee728b)
Start importing Assets/Scenes/New Lighting Settings.lighting using Guid(5c60ee7ee58706541b55b5e30789f945) Importer(815301076,1909f56bfc062723c751e8b465ee728b)  -> (artifact id: 'e61f6b12845dd1ab011b6dde45490c92') in 0.189896 seconds 
========================================================================
Received Import Request.
  Time since last request: 4.728308 seconds.
  path: Assets/Scenes/BedRoom
  artifactKey: Guid(540896d492e5ad642ae5258bd7445a45) Importer(815301076,1909f56bfc062723c751e8b465ee728b)
Start importing Assets/Scenes/BedRoom using Guid(540896d492e5ad642ae5258bd7445a45) Importer(815301076,1909f56bfc062723c751e8b465ee728b)  -> (artifact id: '3af12a4d88ef49141f1a516a469899f4') in 0.006755 seconds 
========================================================================
Received Import Request.
  Time since last request: 23.697262 seconds.
  path: Assets/Scenes/Test.lighting
  artifactKey: Guid(d6493114c4ece9349870eef8a4c21e2f) Importer(815301076,1909f56bfc062723c751e8b465ee728b)
Start importing Assets/Scenes/Test.lighting using Guid(d6493114c4ece9349870eef8a4c21e2f) Importer(815301076,1909f56bfc062723c751e8b465ee728b)  -> (artifact id: 'c1be460bbeeab2d785ee898e3789f826') in 0.007512 seconds 
========================================================================
Received Import Request.
  Time since last request: 10.973794 seconds.
  path: Assets/Scenes/Test.lighting
  artifactKey: Guid(d6493114c4ece9349870eef8a4c21e2f) Importer(815301076,1909f56bfc062723c751e8b465ee728b)
Start importing Assets/Scenes/Test.lighting using Guid(d6493114c4ece9349870eef8a4c21e2f) Importer(815301076,1909f56bfc062723c751e8b465ee728b)  -> (artifact id: 'acbc8fcd7471424c5a8d6cbbd0299d5d') in 0.002966 seconds 
========================================================================
Received Import Request.
  Time since last request: 5.907697 seconds.
  path: Assets/Scenes/BedRoom.unity
  artifactKey: Guid(631c8820631cd7544a29fc8a7349521a) Importer(815301076,1909f56bfc062723c751e8b465ee728b)
Start importing Assets/Scenes/BedRoom.unity using Guid(631c8820631cd7544a29fc8a7349521a) Importer(815301076,1909f56bfc062723c751e8b465ee728b)  -> (artifact id: '9eb0ec3b6e6e77bea126ad89eb465536') in 0.002589 seconds 
========================================================================
Received Prepare
Registering precompiled user dll's ...
Registered in 0.002865 seconds.
Begin MonoManager ReloadAssembly
Symbol file LoadedFromMemory doesn't match image E:\Unity\projects\Arnold\Arnold\Library\PackageCache\com.unity.visualscripting@1.6.1\Editor\VisualScripting.Core\Dependencies\YamlDotNet\Unity.VisualScripting.YamlDotNet.dll
Symbol file LoadedFromMemory doesn't match image E:\Unity\projects\Arnold\Arnold\Library\PackageCache\com.unity.visualscripting@1.6.1\Editor\VisualScripting.Core\Dependencies\DotNetZip\Unity.VisualScripting.IonicZip.dll
Native extension for WindowsStandalone target not found
Refreshing native plugins compatible for Editor in 0.74 ms, found 1 plugins.
Preloading 0 native plugins for Editor in 0.00 ms.
Mono: successfully reloaded assembly
- Completed reload, in  0.984 seconds
Platform modules already initialized, skipping
Shader 'Universal Render Pipeline/Particles/Lit': fallback shader 'Universal Render Pipeline/Particles/SimpleLit' not found
Shader 'Universal Render Pipeline/Particles/Lit': fallback shader 'Universal Render Pipeline/Particles/SimpleLit' not found
Refreshing native plugins compatible for Editor in 0.71 ms, found 1 plugins.
Preloading 0 native plugins for Editor in 0.00 ms.
Unloading 4230 Unused Serialized files (Serialized files now loaded: 0)
System memory in use before: 162.7 MB.
System memory in use after: 159.1 MB.

Unloading 59 unused Assets to reduce memory usage. Loaded Objects now: 4659.
Total: 4.224000 ms (FindLiveObjects: 0.389700 ms CreateObjectMapping: 0.099700 ms MarkObjects: 2.114500 ms  DeleteObjects: 1.618900 ms)

========================================================================
Received Import Request.
  Time since last request: 255.647880 seconds.
  path: Assets/Scenes/KidRoom.unity
  artifactKey: Guid(da2196e6794761642bfb036eb1f66675) Importer(815301076,1909f56bfc062723c751e8b465ee728b)
Start importing Assets/Scenes/KidRoom.unity using Guid(da2196e6794761642bfb036eb1f66675) Importer(815301076,1909f56bfc062723c751e8b465ee728b)  -> (artifact id: '844037efd270ae523d24ee8d049769a8') in 0.018093 seconds 
========================================================================
Received Prepare
Registering precompiled user dll's ...
Registered in 0.002865 seconds.
Begin MonoManager ReloadAssembly
Symbol file LoadedFromMemory doesn't match image E:\Unity\projects\Arnold\Arnold\Library\PackageCache\com.unity.visualscripting@1.6.1\Editor\VisualScripting.Core\Dependencies\YamlDotNet\Unity.VisualScripting.YamlDotNet.dll
Symbol file LoadedFromMemory doesn't match image E:\Unity\projects\Arnold\Arnold\Library\PackageCache\com.unity.visualscripting@1.6.1\Editor\VisualScripting.Core\Dependencies\DotNetZip\Unity.VisualScripting.IonicZip.dll
Native extension for WindowsStandalone target not found
Refreshing native plugins compatible for Editor in 0.72 ms, found 1 plugins.
Preloading 0 native plugins for Editor in 0.00 ms.
Mono: successfully reloaded assembly
- Completed reload, in  0.978 seconds
Platform modules already initialized, skipping
Shader 'Universal Render Pipeline/Particles/Lit': fallback shader 'Universal Render Pipeline/Particles/SimpleLit' not found
Shader 'Universal Render Pipeline/Particles/Lit': fallback shader 'Universal Render Pipeline/Particles/SimpleLit' not found
Refreshing native plugins compatible for Editor in 0.71 ms, found 1 plugins.
Preloading 0 native plugins for Editor in 0.00 ms.
Unloading 4230 Unused Serialized files (Serialized files now loaded: 0)
System memory in use before: 162.8 MB.
System memory in use after: 159.1 MB.

Unloading 59 unused Assets to reduce memory usage. Loaded Objects now: 4662.
Total: 4.161000 ms (FindLiveObjects: 0.351500 ms CreateObjectMapping: 0.101500 ms MarkObjects: 2.095700 ms  DeleteObjects: 1.611500 ms)

========================================================================
Received Prepare
Registering precompiled user dll's ...
Registered in 0.002845 seconds.
Begin MonoManager ReloadAssembly
Symbol file LoadedFromMemory doesn't match image E:\Unity\projects\Arnold\Arnold\Library\PackageCache\com.unity.visualscripting@1.6.1\Editor\VisualScripting.Core\Dependencies\YamlDotNet\Unity.VisualScripting.YamlDotNet.dll
Symbol file LoadedFromMemory doesn't match image E:\Unity\projects\Arnold\Arnold\Library\PackageCache\com.unity.visualscripting@1.6.1\Editor\VisualScripting.Core\Dependencies\DotNetZip\Unity.VisualScripting.IonicZip.dll
Native extension for WindowsStandalone target not found
Refreshing native plugins compatible for Editor in 0.73 ms, found 1 plugins.
Preloading 0 native plugins for Editor in 0.00 ms.
Mono: successfully reloaded assembly
- Completed reload, in  0.989 seconds
Platform modules already initialized, skipping
Shader 'Universal Render Pipeline/Particles/Lit': fallback shader 'Universal Render Pipeline/Particles/SimpleLit' not found
Shader 'Universal Render Pipeline/Particles/Lit': fallback shader 'Universal Render Pipeline/Particles/SimpleLit' not found
Refreshing native plugins compatible for Editor in 0.72 ms, found 1 plugins.
Preloading 0 native plugins for Editor in 0.00 ms.
Unloading 4230 Unused Serialized files (Serialized files now loaded: 0)
System memory in use before: 162.8 MB.
System memory in use after: 159.1 MB.

Unloading 59 unused Assets to reduce memory usage. Loaded Objects now: 4665.
Total: 4.987900 ms (FindLiveObjects: 0.450200 ms CreateObjectMapping: 0.104900 ms MarkObjects: 2.774700 ms  DeleteObjects: 1.656000 ms)

========================================================================
Received Import Request.
  Time since last request: 101.359120 seconds.
  path: Assets/Scenes/BedRoom/LightingData.asset
  artifactKey: Guid(dfb07b83aaffb0d43b3459b262b85afe) Importer(815301076,1909f56bfc062723c751e8b465ee728b)
Start importing Assets/Scenes/BedRoom/LightingData.asset using Guid(dfb07b83aaffb0d43b3459b262b85afe) Importer(815301076,1909f56bfc062723c751e8b465ee728b)  -> (artifact id: '06bca43d3709a5ee62b2421df0a62aac') in 0.033364 seconds 
========================================================================
Received Import Request.
  Time since last request: 0.000176 seconds.
  path: Assets/Scenes/BedRoom/ReflectionProbe-0.exr
  artifactKey: Guid(106f55b9e4234b94db9495cc4751eba9) Importer(815301076,1909f56bfc062723c751e8b465ee728b)
Start importing Assets/Scenes/BedRoom/ReflectionProbe-0.exr using Guid(106f55b9e4234b94db9495cc4751eba9) Importer(815301076,1909f56bfc062723c751e8b465ee728b)  -> (artifact id: '1f895d2b92d9b21f0bacdf5f2b04fc3c') in 0.183119 seconds 
========================================================================
Received Import Request.
  Time since last request: 20.412840 seconds.
  path: Assets/Lighting
  artifactKey: Guid(42b5a2a0a4924f44fb5425f7a25c358c) Importer(815301076,1909f56bfc062723c751e8b465ee728b)
Start importing Assets/Lighting using Guid(42b5a2a0a4924f44fb5425f7a25c358c) Importer(815301076,1909f56bfc062723c751e8b465ee728b)  -> (artifact id: '84284942b6c888cbce7814927bf5e6f2') in 0.007028 seconds 
========================================================================
Received Prepare
Registering precompiled user dll's ...
Registered in 0.003092 seconds.
Begin MonoManager ReloadAssembly
Symbol file LoadedFromMemory doesn't match image E:\Unity\projects\Arnold\Arnold\Library\PackageCache\com.unity.visualscripting@1.6.1\Editor\VisualScripting.Core\Dependencies\YamlDotNet\Unity.VisualScripting.YamlDotNet.dll
Symbol file LoadedFromMemory doesn't match image E:\Unity\projects\Arnold\Arnold\Library\PackageCache\com.unity.visualscripting@1.6.1\Editor\VisualScripting.Core\Dependencies\DotNetZip\Unity.VisualScripting.IonicZip.dll
Native extension for WindowsStandalone target not found
Refreshing native plugins compatible for Editor in 0.78 ms, found 1 plugins.
Preloading 0 native plugins for Editor in 0.00 ms.
Mono: successfully reloaded assembly
- Completed reload, in  1.072 seconds
Platform modules already initialized, skipping
Shader 'Universal Render Pipeline/Particles/Lit': fallback shader 'Universal Render Pipeline/Particles/SimpleLit' not found
Shader 'Universal Render Pipeline/Particles/Lit': fallback shader 'Universal Render Pipeline/Particles/SimpleLit' not found
Refreshing native plugins compatible for Editor in 1.27 ms, found 1 plugins.
Preloading 0 native plugins for Editor in 0.00 ms.
Unloading 4231 Unused Serialized files (Serialized files now loaded: 0)
System memory in use before: 168.7 MB.
System memory in use after: 165.0 MB.

Unloading 59 unused Assets to reduce memory usage. Loaded Objects now: 4715.
Total: 6.119400 ms (FindLiveObjects: 0.441300 ms CreateObjectMapping: 0.155200 ms MarkObjects: 3.520900 ms  DeleteObjects: 1.999700 ms)

========================================================================
Received Prepare
Registering precompiled user dll's ...
Registered in 0.003068 seconds.
Begin MonoManager ReloadAssembly
Symbol file LoadedFromMemory doesn't match image E:\Unity\projects\Arnold\Arnold\Library\PackageCache\com.unity.visualscripting@1.6.1\Editor\VisualScripting.Core\Dependencies\YamlDotNet\Unity.VisualScripting.YamlDotNet.dll
Symbol file LoadedFromMemory doesn't match image E:\Unity\projects\Arnold\Arnold\Library\PackageCache\com.unity.visualscripting@1.6.1\Editor\VisualScripting.Core\Dependencies\DotNetZip\Unity.VisualScripting.IonicZip.dll
Native extension for WindowsStandalone target not found
Refreshing native plugins compatible for Editor in 0.73 ms, found 1 plugins.
Preloading 0 native plugins for Editor in 0.00 ms.
Mono: successfully reloaded assembly
- Completed reload, in  0.981 seconds
Platform modules already initialized, skipping
Shader 'Universal Render Pipeline/Particles/Lit': fallback shader 'Universal Render Pipeline/Particles/SimpleLit' not found
Shader 'Universal Render Pipeline/Particles/Lit': fallback shader 'Universal Render Pipeline/Particles/SimpleLit' not found
Refreshing native plugins compatible for Editor in 0.72 ms, found 1 plugins.
Preloading 0 native plugins for Editor in 0.00 ms.
Unloading 4230 Unused Serialized files (Serialized files now loaded: 0)
System memory in use before: 168.7 MB.
System memory in use after: 165.0 MB.

Unloading 59 unused Assets to reduce memory usage. Loaded Objects now: 4718.
Total: 4.756700 ms (FindLiveObjects: 0.396500 ms CreateObjectMapping: 0.138900 ms MarkObjects: 2.524000 ms  DeleteObjects: 1.695600 ms)

========================================================================
Received Prepare
Registering precompiled user dll's ...
Registered in 0.002858 seconds.
Begin MonoManager ReloadAssembly
Symbol file LoadedFromMemory doesn't match image E:\Unity\projects\Arnold\Arnold\Library\PackageCache\com.unity.visualscripting@1.6.1\Editor\VisualScripting.Core\Dependencies\YamlDotNet\Unity.VisualScripting.YamlDotNet.dll
Symbol file LoadedFromMemory doesn't match image E:\Unity\projects\Arnold\Arnold\Library\PackageCache\com.unity.visualscripting@1.6.1\Editor\VisualScripting.Core\Dependencies\DotNetZip\Unity.VisualScripting.IonicZip.dll
Native extension for WindowsStandalone target not found
Refreshing native plugins compatible for Editor in 0.77 ms, found 1 plugins.
Preloading 0 native plugins for Editor in 0.00 ms.
Mono: successfully reloaded assembly
- Completed reload, in  1.023 seconds
Platform modules already initialized, skipping
Shader 'Universal Render Pipeline/Particles/Lit': fallback shader 'Universal Render Pipeline/Particles/SimpleLit' not found
Shader 'Universal Render Pipeline/Particles/Lit': fallback shader 'Universal Render Pipeline/Particles/SimpleLit' not found
Refreshing native plugins compatible for Editor in 0.73 ms, found 1 plugins.
Preloading 0 native plugins for Editor in 0.00 ms.
Unloading 4230 Unused Serialized files (Serialized files now loaded: 0)
System memory in use before: 168.6 MB.
System memory in use after: 165.0 MB.

Unloading 59 unused Assets to reduce memory usage. Loaded Objects now: 4721.
Total: 4.782400 ms (FindLiveObjects: 0.502400 ms CreateObjectMapping: 0.227100 ms MarkObjects: 2.409600 ms  DeleteObjects: 1.641800 ms)

========================================================================
Received Import Request.
  Time since last request: 3474.421286 seconds.
  path: Assets/Scenes/New Scene.unity
  artifactKey: Guid(592d6a5c6531b574bbaad6868c255f78) Importer(815301076,1909f56bfc062723c751e8b465ee728b)
Start importing Assets/Scenes/New Scene.unity using Guid(592d6a5c6531b574bbaad6868c255f78) Importer(815301076,1909f56bfc062723c751e8b465ee728b)  -> (artifact id: 'e339645abd8fe6dddacde97b52b5e437') in 0.023096 seconds 
========================================================================
Received Import Request.
  Time since last request: 55.738998 seconds.
  path: Assets/Scenes/Bathroom.unity
  artifactKey: Guid(592d6a5c6531b574bbaad6868c255f78) Importer(815301076,1909f56bfc062723c751e8b465ee728b)
Start importing Assets/Scenes/Bathroom.unity using Guid(592d6a5c6531b574bbaad6868c255f78) Importer(815301076,1909f56bfc062723c751e8b465ee728b)  -> (artifact id: 'ae752f3bde6f5362964cdc02f86b1319') in 0.008213 seconds 
========================================================================
Received Import Request.
  Time since last request: 31.522897 seconds.
  path: Assets/Scenes/LivingDiningRoom.unity
  artifactKey: Guid(37bae519c39262243aad8f85abf33c88) Importer(815301076,1909f56bfc062723c751e8b465ee728b)
Start importing Assets/Scenes/LivingDiningRoom.unity using Guid(37bae519c39262243aad8f85abf33c88) Importer(815301076,1909f56bfc062723c751e8b465ee728b)  -> (artifact id: '8ac53e452066b2cca3fd311ff4dc9653') in 0.007363 seconds 
========================================================================
Received Import Request.
  Time since last request: 34.993639 seconds.
  path: Assets/Scenes/Road.unity
  artifactKey: Guid(c3f9666182872f54d8b0dc3fce5a705b) Importer(815301076,1909f56bfc062723c751e8b465ee728b)
Start importing Assets/Scenes/Road.unity using Guid(c3f9666182872f54d8b0dc3fce5a705b) Importer(815301076,1909f56bfc062723c751e8b465ee728b)  -> (artifact id: 'a1ba306d7a3220566648d7df91edc24c') in 0.007261 seconds 
========================================================================
Received Import Request.
  Time since last request: 27.433530 seconds.
  path: Assets/Scenes/OfficeFoyer.unity
  artifactKey: Guid(84c44235740f42c44943780af920a6a0) Importer(815301076,1909f56bfc062723c751e8b465ee728b)
Start importing Assets/Scenes/OfficeFoyer.unity using Guid(84c44235740f42c44943780af920a6a0) Importer(815301076,1909f56bfc062723c751e8b465ee728b)  -> (artifact id: '0cd0e0ed9396c3ee5e159a32735c2cdc') in 0.007215 seconds 
========================================================================
Received Import Request.
  Time since last request: 45.065141 seconds.
  path: Assets/Scenes/Office.unity
  artifactKey: Guid(f336845560feb0b4a8743d49fef1b71a) Importer(815301076,1909f56bfc062723c751e8b465ee728b)
Start importing Assets/Scenes/Office.unity using Guid(f336845560feb0b4a8743d49fef1b71a) Importer(815301076,1909f56bfc062723c751e8b465ee728b)  -> (artifact id: '9a2b247f8fca655f6a70a72770a386cc') in 0.007401 seconds 
========================================================================
Received Prepare
Registering precompiled user dll's ...
Registered in 0.002923 seconds.
Begin MonoManager ReloadAssembly
Symbol file LoadedFromMemory doesn't match image E:\Unity\projects\Arnold\Arnold\Library\PackageCache\com.unity.visualscripting@1.6.1\Editor\VisualScripting.Core\Dependencies\YamlDotNet\Unity.VisualScripting.YamlDotNet.dll
Symbol file LoadedFromMemory doesn't match image E:\Unity\projects\Arnold\Arnold\Library\PackageCache\com.unity.visualscripting@1.6.1\Editor\VisualScripting.Core\Dependencies\DotNetZip\Unity.VisualScripting.IonicZip.dll
Native extension for WindowsStandalone target not found
Refreshing native plugins compatible for Editor in 0.75 ms, found 1 plugins.
Preloading 0 native plugins for Editor in 0.00 ms.
Mono: successfully reloaded assembly
- Completed reload, in  0.978 seconds
Platform modules already initialized, skipping
Shader 'Universal Render Pipeline/Particles/Lit': fallback shader 'Universal Render Pipeline/Particles/SimpleLit' not found
Shader 'Universal Render Pipeline/Particles/Lit': fallback shader 'Universal Render Pipeline/Particles/SimpleLit' not found
Refreshing native plugins compatible for Editor in 0.72 ms, found 1 plugins.
Preloading 0 native plugins for Editor in 0.00 ms.
Unloading 4230 Unused Serialized files (Serialized files now loaded: 0)
System memory in use before: 168.6 MB.
System memory in use after: 165.0 MB.

Unloading 59 unused Assets to reduce memory usage. Loaded Objects now: 4724.
Total: 4.142900 ms (FindLiveObjects: 0.353900 ms CreateObjectMapping: 0.102900 ms MarkObjects: 2.105400 ms  DeleteObjects: 1.579600 ms)

========================================================================
Received Import Request.
  Time since last request: 77.238401 seconds.
  path: Assets/Scenes/KidRoom.unity
  artifactKey: Guid(da2196e6794761642bfb036eb1f66675) Importer(815301076,1909f56bfc062723c751e8b465ee728b)
Start importing Assets/Scenes/KidRoom.unity using Guid(da2196e6794761642bfb036eb1f66675) Importer(815301076,1909f56bfc062723c751e8b465ee728b)  -> (artifact id: 'da509e765be234b4f570810fb2b27a97') in 0.020774 seconds 
AssetImportWorkerClient::OnTransportError - code=2 error=End of file
